# JRE version: Java(TM) SE Runtime Environment (18.0.2.1+1) (build 18.0.2.1+1-1)
# Java VM: Java HotSpot(TM) 64-Bit Server VM (18.0.2.1+1-1, mixed mode, sharing, tiered, compressed oops, compressed class ptrs, g1 gc, windows-amd64)
GC Precious Log:
 CardTable entry size: 512
 Card Set container configuration: InlinePtr #cards 5 size 8 Array Of Cards #cards 12 size 40 Howl #buckets 4 coarsen threshold 1843 Howl Bitmap #cards 512 size 80 coarsen threshold 460 Card regions per heap region 1 cards per card region 2048
 CPUs: 4 total, 4 available
 Memory: 7861M
 Large Page Support: Disabled
 NUMA Support: Disabled
 Compressed Oops: Enabled (32-bit)
 Heap Region Size: 1M
 Heap Min Capacity: 8M
 Heap Initial Capacity: 124M
 Heap Max Capacity: 1966M
 Pre-touch: Disabled
 Parallel Workers: 4
 Concurrent Workers: 1
 Concurrent Refinement Workers: 4
 Periodic GC: Disabled
Heap:
 garbage-first heap   total 126976K, used 36238K [0x0000000085200000, 0x0000000100000000)
  region size 1024K, 32 young (32768K), 1 survivors (1024K)
 Metaspace       used 5567K, committed 5824K, reserved 1114112K
  class space    used 561K, committed 704K, reserved 1048576K
GC Heap History (20 events):
Event: 4056.462 GC heap before
{Heap before GC invocations=19 (full 0):
 garbage-first heap   total 126976K, used 80259K [0x0000000085200000, 0x0000000100000000)
  region size 1024K, 74 young (75776K), 1 survivors (1024K)
 Metaspace       used 5566K, committed 5824K, reserved 1114112K
  class space    used 561K, committed 704K, reserved 1048576K
}
Event: 4056.464 GC heap after
{Heap after GC invocations=20 (full 0):
 garbage-first heap   total 126976K, used 5506K [0x0000000085200000, 0x0000000100000000)
  region size 1024K, 1 young (1024K), 1 survivors (1024K)
 Metaspace       used 5566K, committed 5824K, reserved 1114112K
  class space    used 561K, committed 704K, reserved 1048576K
}
Event: 4198.772 GC heap before
{Heap before GC invocations=20 (full 0):
 garbage-first heap   total 126976K, used 80258K [0x0000000085200000, 0x0000000100000000)
  region size 1024K, 74 young (75776K), 1 survivors (1024K)
 Metaspace       used 5566K, committed 5824K, reserved 1114112K
  class space    used 561K, committed 704K, reserved 1048576K
}
Event: 4198.773 GC heap after
{Heap after GC invocations=21 (full 0):
 garbage-first heap   total 126976K, used 5505K [0x0000000085200000, 0x0000000100000000)
  region size 1024K, 1 young (1024K), 1 survivors (1024K)
 Metaspace       used 5566K, committed 5824K, reserved 1114112K
  class space    used 561K, committed 704K, reserved 1048576K
}
Event: 4390.644 GC heap before
{Heap before GC invocations=21 (full 0):
 garbage-first heap   total 126976K, used 80257K [0x0000000085200000, 0x0000000100000000)
  region size 1024K, 74 young (75776K), 1 survivors (1024K)
 Metaspace       used 5566K, committed 5824K, reserved 1114112K
  class space    used 561K, committed 704K, reserved 1048576K
}
Event: 4390.646 GC heap after
{Heap after GC invocations=22 (full 0):
 garbage-first heap   total 126976K, used 5505K [0x0000000085200000, 0x0000000100000000)
  region size 1024K, 1 young (1024K), 1 survivors (1024K)
 Metaspace       used 5566K, committed 5824K, reserved 1114112K
  class space    used 561K, committed 704K, reserved 1048576K
}
Event: 4548.481 GC heap before
{Heap before GC invocations=22 (full 0):
 garbage-first heap   total 126976K, used 80257K [0x0000000085200000, 0x0000000100000000)
  region size 1024K, 74 young (75776K), 1 survivors (1024K)
 Metaspace       used 5566K, committed 5824K, reserved 1114112K
  class space    used 561K, committed 704K, reserved 1048576K
}
Event: 4548.483 GC heap after
{Heap after GC invocations=23 (full 0):
 garbage-first heap   total 126976K, used 5509K [0x0000000085200000, 0x0000000100000000)
  region size 1024K, 1 young (1024K), 1 survivors (1024K)
 Metaspace       used 5566K, committed 5824K, reserved 1114112K
  class space    used 561K, committed 704K, reserved 1048576K
}
Event: 4702.132 GC heap before
{Heap before GC invocations=23 (full 0):
 garbage-first heap   total 126976K, used 80261K [0x0000000085200000, 0x0000000100000000)
  region size 1024K, 74 young (75776K), 1 survivors (1024K)
 Metaspace       used 5566K, committed 5824K, reserved 1114112K
  class space    used 561K, committed 704K, reserved 1048576K
}
Event: 4702.133 GC heap after
{Heap after GC invocations=24 (full 0):
 garbage-first heap   total 126976K, used 5509K [0x0000000085200000, 0x0000000100000000)
  region size 1024K, 1 young (1024K), 1 survivors (1024K)
 Metaspace       used 5566K, committed 5824K, reserved 1114112K
  class space    used 561K, committed 704K, reserved 1048576K
}
Event: 4875.037 GC heap before
{Heap before GC invocations=24 (full 0):
 garbage-first heap   total 126976K, used 80261K [0x0000000085200000, 0x0000000100000000)
  region size 1024K, 74 young (75776K), 1 survivors (1024K)
 Metaspace       used 5566K, committed 5824K, reserved 1114112K
  class space    used 561K, committed 704K, reserved 1048576K
}
Event: 4875.039 GC heap after
{Heap after GC invocations=25 (full 0):
 garbage-first heap   total 126976K, used 5516K [0x0000000085200000, 0x0000000100000000)
  region size 1024K, 1 young (1024K), 1 survivors (1024K)
 Metaspace       used 5566K, committed 5824K, reserved 1114112K
  class space    used 561K, committed 704K, reserved 1048576K
}
Event: 5114.377 GC heap before
{Heap before GC invocations=25 (full 0):
 garbage-first heap   total 126976K, used 80268K [0x0000000085200000, 0x0000000100000000)
  region size 1024K, 74 young (75776K), 1 survivors (1024K)
 Metaspace       used 5566K, committed 5824K, reserved 1114112K
  class space    used 561K, committed 704K, reserved 1048576K
}
Event: 5114.380 GC heap after
{Heap after GC invocations=26 (full 0):
 garbage-first heap   total 126976K, used 5514K [0x0000000085200000, 0x0000000100000000)
  region size 1024K, 1 young (1024K), 1 survivors (1024K)
 Metaspace       used 5566K, committed 5824K, reserved 1114112K
  class space    used 561K, committed 704K, reserved 1048576K
}
Event: 5315.400 GC heap before
{Heap before GC invocations=26 (full 0):
 garbage-first heap   total 126976K, used 80266K [0x0000000085200000, 0x0000000100000000)
  region size 1024K, 74 young (75776K), 1 survivors (1024K)
 Metaspace       used 5566K, committed 5824K, reserved 1114112K
  class space    used 561K, committed 704K, reserved 1048576K
}
Event: 5315.401 GC heap after
{Heap after GC invocations=27 (full 0):
 garbage-first heap   total 126976K, used 5518K [0x0000000085200000, 0x0000000100000000)
  region size 1024K, 1 young (1024K), 1 survivors (1024K)
 Metaspace       used 5566K, committed 5824K, reserved 1114112K
  class space    used 561K, committed 704K, reserved 1048576K
}
Event: 5555.386 GC heap before
{Heap before GC invocations=27 (full 0):
 garbage-first heap   total 126976K, used 80270K [0x0000000085200000, 0x0000000100000000)
  region size 1024K, 74 young (75776K), 1 survivors (1024K)
 Metaspace       used 5567K, committed 5824K, reserved 1114112K
  class space    used 561K, committed 704K, reserved 1048576K
}
Event: 5555.388 GC heap after
{Heap after GC invocations=28 (full 0):
 garbage-first heap   total 126976K, used 5518K [0x0000000085200000, 0x0000000100000000)
  region size 1024K, 1 young (1024K), 1 survivors (1024K)
 Metaspace       used 5567K, committed 5824K, reserved 1114112K
  class space    used 561K, committed 704K, reserved 1048576K
}
Event: 5772.253 GC heap before
{Heap before GC invocations=28 (full 0):
 garbage-first heap   total 126976K, used 80270K [0x0000000085200000, 0x0000000100000000)
  region size 1024K, 74 young (75776K), 1 survivors (1024K)
 Metaspace       used 5567K, committed 5824K, reserved 1114112K
  class space    used 561K, committed 704K, reserved 1048576K
}
Event: 5772.255 GC heap after
{Heap after GC invocations=29 (full 0):
 garbage-first heap   total 126976K, used 5518K [0x0000000085200000, 0x0000000100000000)
  region size 1024K, 1 young (1024K), 1 survivors (1024K)
 Metaspace       used 5567K, committed 5824K, reserved 1114112K
  class space    used 561K, committed 704K, reserved 1048576K
}

